<?xml version="1.0" encoding="UTF-8"?>
<testsuite xmlns:xsi="http://www.w3.org/2001/XMLSchema-instance" xsi:noNamespaceSchemaLocation="https://maven.apache.org/surefire/maven-surefire-plugin/xsd/surefire-test-report.xsd" name="org.curieo.embed.SentenceEmbeddingServiceTests" time="0.003" tests="1" errors="0" skipped="1" failures="0">
  <properties>
    <property name="java.specification.version" value="21"/>
    <property name="sun.jnu.encoding" value="UTF-8"/>
    <property name="java.class.path" value="/Users/rahuldutta/Documents/Code/data-digger/pubmed/data-digger-etl/target/test-classes:/Users/rahuldutta/Documents/Code/data-digger/pubmed/data-digger-etl/target/classes:/Users/rahuldutta/.m2/repository/data-digger/data-mapper/0.0.1-SNAPSHOT/data-mapper-0.0.1-SNAPSHOT.jar:/Users/rahuldutta/.m2/repository/org/openscience/cdk/cdk-bundle/2.9/cdk-bundle-2.9.jar:/Users/rahuldutta/.m2/repository/org/openscience/cdk/cdk-interfaces/2.9/cdk-interfaces-2.9.jar:/Users/rahuldutta/.m2/repository/javax/vecmath/vecmath/1.5.2/vecmath-1.5.2.jar:/Users/rahuldutta/.m2/repository/org/openscience/cdk/cdk-core/2.9/cdk-core-2.9.jar:/Users/rahuldutta/.m2/repository/org/openscience/cdk/cdk-standard/2.9/cdk-standard-2.9.jar:/Users/rahuldutta/.m2/repository/org/openscience/cdk/cdk-atomtype/2.9/cdk-atomtype-2.9.jar:/Users/rahuldutta/.m2/repository/org/openscience/cdk/cdk-valencycheck/2.9/cdk-valencycheck-2.9.jar:/Users/rahuldutta/.m2/repository/org/openscience/cdk/cdk-diff/2.9/cdk-diff-2.9.jar:/Users/rahuldutta/.m2/repository/org/openscience/cdk/cdk-data/2.9/cdk-data-2.9.jar:/Users/rahuldutta/.m2/repository/org/openscience/cdk/cdk-ioformats/2.9/cdk-ioformats-2.9.jar:/Users/rahuldutta/.m2/repository/org/openscience/cdk/cdk-silent/2.9/cdk-silent-2.9.jar:/Users/rahuldutta/.m2/repository/org/openscience/cdk/cdk-isomorphism/2.9/cdk-isomorphism-2.9.jar:/Users/rahuldutta/.m2/repository/org/openscience/cdk/cdk-datadebug/2.9/cdk-datadebug-2.9.jar:/Users/rahuldutta/.m2/repository/org/openscience/cdk/cdk-io/2.9/cdk-io-2.9.jar:/Users/rahuldutta/.m2/repository/org/openscience/cdk/cdk-formula/2.9/cdk-formula-2.9.jar:/Users/rahuldutta/.m2/repository/org/openscience/cdk/cdk-dict/2.9/cdk-dict-2.9.jar:/Users/rahuldutta/.m2/repository/xom/xom/1.3.9/xom-1.3.9.jar:/Users/rahuldutta/.m2/repository/org/openscience/cdk/cdk-pdb/2.9/cdk-pdb-2.9.jar:/Users/rahuldutta/.m2/repository/org/openscience/cdk/cdk-ctab/2.9/cdk-ctab-2.9.jar:/Users/rahuldutta/.m2/repository/org/openscience/cdk/cdk-libiocml/2.9/cdk-libiocml-2.9.jar:/Users/rahuldutta/.m2/repository/org/blueobelisk/cmlxom/4.5/cmlxom-4.5.jar:/Users/rahuldutta/.m2/repository/org/blueobelisk/euclid/2.5/euclid-2.5.jar:/Users/rahuldutta/.m2/repository/org/apache/commons/commons-math/2.2/commons-math-2.2.jar:/Users/rahuldutta/.m2/repository/joda-time/joda-time/2.12.5/joda-time-2.12.5.jar:/Users/rahuldutta/.m2/repository/org/apache/logging/log4j/log4j-1.2-api/2.20.0/log4j-1.2-api-2.20.0.jar:/Users/rahuldutta/.m2/repository/org/ccil/cowan/tagsoup/tagsoup/1.2.1/tagsoup-1.2.1.jar:/Users/rahuldutta/.m2/repository/org/openscience/cdk/cdk-smiles/2.9/cdk-smiles-2.9.jar:/Users/rahuldutta/.m2/repository/uk/ac/ebi/beam/beam-core/1.3.5/beam-core-1.3.5.jar:/Users/rahuldutta/.m2/repository/uk/ac/ebi/beam/beam-func/1.3.5/beam-func-1.3.5.jar:/Users/rahuldutta/.m2/repository/org/openscience/cdk/cdk-extra/2.9/cdk-extra-2.9.jar:/Users/rahuldutta/.m2/repository/gov/nist/math/jama/1.0.3/jama-1.0.3.jar:/Users/rahuldutta/.m2/repository/org/openscience/cdk/cdk-smarts/2.9/cdk-smarts-2.9.jar:/Users/rahuldutta/.m2/repository/org/openscience/cdk/cdk-reaction/2.9/cdk-reaction-2.9.jar:/Users/rahuldutta/.m2/repository/org/openscience/cdk/cdk-fingerprint/2.9/cdk-fingerprint-2.9.jar:/Users/rahuldutta/.m2/repository/org/openscience/cdk/cdk-cip/2.9/cdk-cip-2.9.jar:/Users/rahuldutta/.m2/repository/org/openscience/cdk/cdk-signature/2.9/cdk-signature-2.9.jar:/Users/rahuldutta/.m2/repository/com/github/gilleain/signatures/signatures/1.1/signatures-1.1.jar:/Users/rahuldutta/.m2/repository/org/openscience/cdk/cdk-charges/2.9/cdk-charges-2.9.jar:/Users/rahuldutta/.m2/repository/org/openscience/cdk/cdk-forcefield/2.9/cdk-forcefield-2.9.jar:/Users/rahuldutta/.m2/repository/org/openscience/cdk/cdk-sdg/2.9/cdk-sdg-2.9.jar:/Users/rahuldutta/.m2/repository/org/openscience/cdk/cdk-builder3dtools/2.9/cdk-builder3dtools-2.9.jar:/Users/rahuldutta/.m2/repository/org/openscience/cdk/cdk-builder3d/2.9/cdk-builder3d-2.9.jar:/Users/rahuldutta/.m2/repository/org/openscience/cdk/cdk-qsar/2.9/cdk-qsar-2.9.jar:/Users/rahuldutta/.m2/repository/org/openscience/cdk/cdk-ionpot/2.9/cdk-ionpot-2.9.jar:/Users/rahuldutta/.m2/repository/org/openscience/cdk/cdk-qsaratomic/2.9/cdk-qsaratomic-2.9.jar:/Users/rahuldutta/.m2/repository/org/openscience/cdk/cdk-qsarbond/2.9/cdk-qsarbond-2.9.jar:/Users/rahuldutta/.m2/repository/org/openscience/cdk/cdk-hash/2.9/cdk-hash-2.9.jar:/Users/rahuldutta/.m2/repository/org/openscience/cdk/cdk-fragment/2.9/cdk-fragment-2.9.jar:/Users/rahuldutta/.m2/repository/org/openscience/cdk/cdk-model/2.9/cdk-model-2.9.jar:/Users/rahuldutta/.m2/repository/org/openscience/cdk/cdk-qsarmolecular/2.9/cdk-qsarmolecular-2.9.jar:/Users/rahuldutta/.m2/repository/org/openscience/cdk/cdk-qsarcml/2.9/cdk-qsarcml-2.9.jar:/Users/rahuldutta/.m2/repository/org/openscience/cdk/cdk-qsarionpot/2.9/cdk-qsarionpot-2.9.jar:/Users/rahuldutta/.m2/repository/org/openscience/cdk/cdk-qsarprotein/2.9/cdk-qsarprotein-2.9.jar:/Users/rahuldutta/.m2/repository/org/openscience/cdk/cdk-render/2.9/cdk-render-2.9.jar:/Users/rahuldutta/.m2/repository/org/openscience/cdk/cdk-renderbasic/2.9/cdk-renderbasic-2.9.jar:/Users/rahuldutta/.m2/repository/org/openscience/cdk/cdk-renderawt/2.9/cdk-renderawt-2.9.jar:/Users/rahuldutta/.m2/repository/org/openscience/cdk/cdk-renderextra/2.9/cdk-renderextra-2.9.jar:/Users/rahuldutta/.m2/repository/org/openscience/cdk/cdk-control/2.9/cdk-control-2.9.jar:/Users/rahuldutta/.m2/repository/org/openscience/cdk/cdk-qm/2.9/cdk-qm-2.9.jar:/Users/rahuldutta/.m2/repository/org/openscience/cdk/cdk-libiomd/2.9/cdk-libiomd-2.9.jar:/Users/rahuldutta/.m2/repository/org/openscience/cdk/cdk-pdbcml/2.9/cdk-pdbcml-2.9.jar:/Users/rahuldutta/.m2/repository/org/openscience/cdk/cdk-inchi/2.9/cdk-inchi-2.9.jar:/Users/rahuldutta/.m2/repository/io/github/dan2097/jna-inchi-api/1.2/jna-inchi-api-1.2.jar:/Users/rahuldutta/.m2/repository/net/java/dev/jna/jna/5.10.0/jna-5.10.0.jar:/Users/rahuldutta/.m2/repository/io/github/dan2097/jna-inchi-core/1.2/jna-inchi-core-1.2.jar:/Users/rahuldutta/.m2/repository/io/github/dan2097/jna-inchi-darwin-aarch64/1.2/jna-inchi-darwin-aarch64-1.2.jar:/Users/rahuldutta/.m2/repository/io/github/dan2097/jna-inchi-darwin-x86-64/1.2/jna-inchi-darwin-x86-64-1.2.jar:/Users/rahuldutta/.m2/repository/io/github/dan2097/jna-inchi-linux-aarch64/1.2/jna-inchi-linux-aarch64-1.2.jar:/Users/rahuldutta/.m2/repository/io/github/dan2097/jna-inchi-linux-arm/1.2/jna-inchi-linux-arm-1.2.jar:/Users/rahuldutta/.m2/repository/io/github/dan2097/jna-inchi-linux-x86/1.2/jna-inchi-linux-x86-1.2.jar:/Users/rahuldutta/.m2/repository/io/github/dan2097/jna-inchi-linux-x86-64/1.2/jna-inchi-linux-x86-64-1.2.jar:/Users/rahuldutta/.m2/repository/io/github/dan2097/jna-inchi-win32-x86/1.2/jna-inchi-win32-x86-1.2.jar:/Users/rahuldutta/.m2/repository/io/github/dan2097/jna-inchi-win32-x86-64/1.2/jna-inchi-win32-x86-64-1.2.jar:/Users/rahuldutta/.m2/repository/org/openscience/cdk/cdk-jniinchi-support/2.9/cdk-jniinchi-support-2.9.jar:/Users/rahuldutta/.m2/repository/org/openscience/cdk/cdk-group/2.9/cdk-group-2.9.jar:/Users/rahuldutta/.m2/repository/org/openscience/cdk/cdk-pcore/2.9/cdk-pcore-2.9.jar:/Users/rahuldutta/.m2/repository/org/openscience/cdk/cdk-structgen/2.9/cdk-structgen-2.9.jar:/Users/rahuldutta/.m2/repository/org/openscience/cdk/cdk-tautomer/2.9/cdk-tautomer-2.9.jar:/Users/rahuldutta/.m2/repository/org/openscience/cdk/cdk-legacy/2.9/cdk-legacy-2.9.jar:/Users/rahuldutta/.m2/repository/jgrapht/jgrapht/0.6.0/jgrapht-0.6.0.jar:/Users/rahuldutta/.m2/repository/org/openscience/cdk/cdk-depict/2.9/cdk-depict-2.9.jar:/Users/rahuldutta/.m2/repository/org/freehep/freehep-graphicsio-pdf/2.4/freehep-graphicsio-pdf-2.4.jar:/Users/rahuldutta/.m2/repository/org/freehep/freehep-graphics2d/2.4/freehep-graphics2d-2.4.jar:/Users/rahuldutta/.m2/repository/org/freehep/freehep-graphicsio/2.4/freehep-graphicsio-2.4.jar:/Users/rahuldutta/.m2/repository/org/freehep/freehep-io/2.2.2/freehep-io-2.2.2.jar:/Users/rahuldutta/.m2/repository/org/freehep/freehep-graphicsio-tests/2.4/freehep-graphicsio-tests-2.4.jar:/Users/rahuldutta/.m2/repository/org/freehep/freehep-graphicsbase/2.4/freehep-graphicsbase-2.4.jar:/Users/rahuldutta/.m2/repository/org/freehep/freehep-graphicsio-ps/2.4/freehep-graphicsio-ps-2.4.jar:/Users/rahuldutta/.m2/repository/org/openscience/cdk/cdk-iordf/2.9/cdk-iordf-2.9.jar:/Users/rahuldutta/.m2/repository/org/apache/jena/jena-core/4.5.0/jena-core-4.5.0.jar:/Users/rahuldutta/.m2/repository/org/apache/jena/jena-base/4.5.0/jena-base-4.5.0.jar:/Users/rahuldutta/.m2/repository/org/apache/jena/jena-shaded-guava/4.5.0/jena-shaded-guava-4.5.0.jar:/Users/rahuldutta/.m2/repository/org/apache/commons/commons-csv/1.9.0/commons-csv-1.9.0.jar:/Users/rahuldutta/.m2/repository/org/apache/commons/commons-compress/1.21/commons-compress-1.21.jar:/Users/rahuldutta/.m2/repository/com/github/andrewoma/dexx/collection/0.7/collection-0.7.jar:/Users/rahuldutta/.m2/repository/org/apache/jena/jena-iri/4.5.0/jena-iri-4.5.0.jar:/Users/rahuldutta/.m2/repository/org/apache/jena/jena-arq/4.5.0/jena-arq-4.5.0.jar:/Users/rahuldutta/.m2/repository/com/google/code/gson/gson/2.9.0/gson-2.9.0.jar:/Users/rahuldutta/.m2/repository/com/apicatalog/titanium-json-ld/1.2.0/titanium-json-ld-1.2.0.jar:/Users/rahuldutta/.m2/repository/org/glassfish/jakarta.json/2.0.1/jakarta.json-2.0.1.jar:/Users/rahuldutta/.m2/repository/com/google/protobuf/protobuf-java/3.19.3/protobuf-java-3.19.3.jar:/Users/rahuldutta/.m2/repository/org/apache/thrift/libthrift/0.16.0/libthrift-0.16.0.jar:/Users/rahuldutta/.m2/repository/javax/annotation/javax.annotation-api/1.3.2/javax.annotation-api-1.3.2.jar:/Users/rahuldutta/.m2/repository/org/apache/logging/log4j/log4j-api/2.7/log4j-api-2.7.jar:/Users/rahuldutta/.m2/repository/org/apache/logging/log4j/log4j-core/2.7/log4j-core-2.7.jar:/Users/rahuldutta/.m2/repository/org/apache/logging/log4j/log4j-slf4j-impl/2.7/log4j-slf4j-impl-2.7.jar:/Users/rahuldutta/.m2/repository/org/slf4j/slf4j-api/1.7.21/slf4j-api-1.7.21.jar:/Users/rahuldutta/.m2/repository/commons-io/commons-io/2.15.1/commons-io-2.15.1.jar:/Users/rahuldutta/.m2/repository/commons-net/commons-net/3.10.0/commons-net-3.10.0.jar:/Users/rahuldutta/.m2/repository/commons-cli/commons-cli/1.6.0/commons-cli-1.6.0.jar:/Users/rahuldutta/.m2/repository/org/apache/commons/commons-text/1.11.0/commons-text-1.11.0.jar:/Users/rahuldutta/.m2/repository/com/github/jsonld-java/jsonld-java/0.13.5/jsonld-java-0.13.5.jar:/Users/rahuldutta/.m2/repository/org/apache/httpcomponents/httpclient-osgi/4.5.13/httpclient-osgi-4.5.13.jar:/Users/rahuldutta/.m2/repository/org/apache/httpcomponents/httpclient/4.5.13/httpclient-4.5.13.jar:/Users/rahuldutta/.m2/repository/commons-codec/commons-codec/1.11/commons-codec-1.11.jar:/Users/rahuldutta/.m2/repository/org/apache/httpcomponents/httpmime/4.5.13/httpmime-4.5.13.jar:/Users/rahuldutta/.m2/repository/org/apache/httpcomponents/httpclient-cache/4.5.13/httpclient-cache-4.5.13.jar:/Users/rahuldutta/.m2/repository/org/apache/httpcomponents/fluent-hc/4.5.13/fluent-hc-4.5.13.jar:/Users/rahuldutta/.m2/repository/org/apache/httpcomponents/httpcore-osgi/4.4.14/httpcore-osgi-4.4.14.jar:/Users/rahuldutta/.m2/repository/org/apache/httpcomponents/httpcore/4.4.14/httpcore-4.4.14.jar:/Users/rahuldutta/.m2/repository/org/apache/httpcomponents/httpcore-nio/4.4.14/httpcore-nio-4.4.14.jar:/Users/rahuldutta/.m2/repository/org/slf4j/jcl-over-slf4j/1.7.32/jcl-over-slf4j-1.7.32.jar:/Users/rahuldutta/.m2/repository/org/junit/jupiter/junit-jupiter-api/5.4.0/junit-jupiter-api-5.4.0.jar:/Users/rahuldutta/.m2/repository/org/apiguardian/apiguardian-api/1.0.0/apiguardian-api-1.0.0.jar:/Users/rahuldutta/.m2/repository/org/opentest4j/opentest4j/1.1.1/opentest4j-1.1.1.jar:/Users/rahuldutta/.m2/repository/org/junit/platform/junit-platform-commons/1.4.0/junit-platform-commons-1.4.0.jar:/Users/rahuldutta/.m2/repository/com/fasterxml/jackson/core/jackson-databind/2.12.3/jackson-databind-2.12.3.jar:/Users/rahuldutta/.m2/repository/com/fasterxml/jackson/core/jackson-core/2.12.3/jackson-core-2.12.3.jar:/Users/rahuldutta/.m2/repository/com/fasterxml/jackson/core/jackson-annotations/2.12.3/jackson-annotations-2.12.3.jar:/Users/rahuldutta/.m2/repository/org/apache/commons/commons-lang3/3.14.0/commons-lang3-3.14.0.jar:/Users/rahuldutta/.m2/repository/org/apache/commons/commons-collections4/4.4/commons-collections4-4.4.jar:/Users/rahuldutta/.m2/repository/co/elastic/clients/elasticsearch-java/8.11.4/elasticsearch-java-8.11.4.jar:/Users/rahuldutta/.m2/repository/org/elasticsearch/client/elasticsearch-rest-client/8.11.4/elasticsearch-rest-client-8.11.4.jar:/Users/rahuldutta/.m2/repository/org/apache/httpcomponents/httpasyncclient/4.1.5/httpasyncclient-4.1.5.jar:/Users/rahuldutta/.m2/repository/commons-logging/commons-logging/1.2/commons-logging-1.2.jar:/Users/rahuldutta/.m2/repository/com/google/code/findbugs/jsr305/3.0.2/jsr305-3.0.2.jar:/Users/rahuldutta/.m2/repository/jakarta/json/jakarta.json-api/2.0.1/jakarta.json-api-2.0.1.jar:/Users/rahuldutta/.m2/repository/org/eclipse/parsson/parsson/1.0.0/parsson-1.0.0.jar:/Users/rahuldutta/.m2/repository/io/opentelemetry/opentelemetry-api/1.29.0/opentelemetry-api-1.29.0.jar:/Users/rahuldutta/.m2/repository/io/opentelemetry/opentelemetry-context/1.29.0/opentelemetry-context-1.29.0.jar:/Users/rahuldutta/.m2/repository/org/projectlombok/lombok/1.18.10/lombok-1.18.10.jar:/Users/rahuldutta/.m2/repository/com/fasterxml/aalto-xml/1.3.1/aalto-xml-1.3.1.jar:/Users/rahuldutta/.m2/repository/org/codehaus/woodstox/stax2-api/4.2/stax2-api-4.2.jar:/Users/rahuldutta/.m2/repository/org/postgresql/postgresql/42.7.2/postgresql-42.7.2.jar:/Users/rahuldutta/.m2/repository/org/checkerframework/checker-qual/3.42.0/checker-qual-3.42.0.jar:/Users/rahuldutta/.m2/repository/org/junit/jupiter/junit-jupiter-engine/5.4.0/junit-jupiter-engine-5.4.0.jar:/Users/rahuldutta/.m2/repository/org/junit/platform/junit-platform-engine/1.4.0/junit-platform-engine-1.4.0.jar:/Users/rahuldutta/.m2/repository/org/junit/jupiter/junit-jupiter-params/5.4.0/junit-jupiter-params-5.4.0.jar:/Users/rahuldutta/.m2/repository/org/assertj/assertj-core/3.4.1/assertj-core-3.4.1.jar:/Users/rahuldutta/.m2/repository/org/apache/opennlp/opennlp-tools/2.3.2/opennlp-tools-2.3.2.jar:"/>
    <property name="java.vm.vendor" value="Homebrew"/>
    <property name="sun.arch.data.model" value="64"/>
    <property name="java.vendor.url" value="https://github.com/Homebrew/homebrew-core/issues"/>
    <property name="os.name" value="Mac OS X"/>
    <property name="java.vm.specification.version" value="21"/>
    <property name="sun.java.launcher" value="SUN_STANDARD"/>
    <property name="user.country" value="NL"/>
    <property name="sun.boot.library.path" value="/opt/homebrew/Cellar/openjdk/21.0.2/libexec/openjdk.jdk/Contents/Home/lib"/>
    <property name="sun.java.command" value="/Users/rahuldutta/Documents/Code/data-digger/pubmed/data-digger-etl/target/surefire/surefirebooter18440500899546418182.jar /Users/rahuldutta/Documents/Code/data-digger/pubmed/data-digger-etl/target/surefire 2024-03-16T12-00-45_197-jvmRun1 surefire8272979326309463260tmp surefire_07473428306317323799tmp"/>
    <property name="http.nonProxyHosts" value="local|*.local|169.254/16|*.169.254/16"/>
    <property name="jdk.debug" value="release"/>
    <property name="surefire.test.class.path" value="/Users/rahuldutta/Documents/Code/data-digger/pubmed/data-digger-etl/target/test-classes:/Users/rahuldutta/Documents/Code/data-digger/pubmed/data-digger-etl/target/classes:/Users/rahuldutta/.m2/repository/data-digger/data-mapper/0.0.1-SNAPSHOT/data-mapper-0.0.1-SNAPSHOT.jar:/Users/rahuldutta/.m2/repository/org/openscience/cdk/cdk-bundle/2.9/cdk-bundle-2.9.jar:/Users/rahuldutta/.m2/repository/org/openscience/cdk/cdk-interfaces/2.9/cdk-interfaces-2.9.jar:/Users/rahuldutta/.m2/repository/javax/vecmath/vecmath/1.5.2/vecmath-1.5.2.jar:/Users/rahuldutta/.m2/repository/org/openscience/cdk/cdk-core/2.9/cdk-core-2.9.jar:/Users/rahuldutta/.m2/repository/org/openscience/cdk/cdk-standard/2.9/cdk-standard-2.9.jar:/Users/rahuldutta/.m2/repository/org/openscience/cdk/cdk-atomtype/2.9/cdk-atomtype-2.9.jar:/Users/rahuldutta/.m2/repository/org/openscience/cdk/cdk-valencycheck/2.9/cdk-valencycheck-2.9.jar:/Users/rahuldutta/.m2/repository/org/openscience/cdk/cdk-diff/2.9/cdk-diff-2.9.jar:/Users/rahuldutta/.m2/repository/org/openscience/cdk/cdk-data/2.9/cdk-data-2.9.jar:/Users/rahuldutta/.m2/repository/org/openscience/cdk/cdk-ioformats/2.9/cdk-ioformats-2.9.jar:/Users/rahuldutta/.m2/repository/org/openscience/cdk/cdk-silent/2.9/cdk-silent-2.9.jar:/Users/rahuldutta/.m2/repository/org/openscience/cdk/cdk-isomorphism/2.9/cdk-isomorphism-2.9.jar:/Users/rahuldutta/.m2/repository/org/openscience/cdk/cdk-datadebug/2.9/cdk-datadebug-2.9.jar:/Users/rahuldutta/.m2/repository/org/openscience/cdk/cdk-io/2.9/cdk-io-2.9.jar:/Users/rahuldutta/.m2/repository/org/openscience/cdk/cdk-formula/2.9/cdk-formula-2.9.jar:/Users/rahuldutta/.m2/repository/org/openscience/cdk/cdk-dict/2.9/cdk-dict-2.9.jar:/Users/rahuldutta/.m2/repository/xom/xom/1.3.9/xom-1.3.9.jar:/Users/rahuldutta/.m2/repository/org/openscience/cdk/cdk-pdb/2.9/cdk-pdb-2.9.jar:/Users/rahuldutta/.m2/repository/org/openscience/cdk/cdk-ctab/2.9/cdk-ctab-2.9.jar:/Users/rahuldutta/.m2/repository/org/openscience/cdk/cdk-libiocml/2.9/cdk-libiocml-2.9.jar:/Users/rahuldutta/.m2/repository/org/blueobelisk/cmlxom/4.5/cmlxom-4.5.jar:/Users/rahuldutta/.m2/repository/org/blueobelisk/euclid/2.5/euclid-2.5.jar:/Users/rahuldutta/.m2/repository/org/apache/commons/commons-math/2.2/commons-math-2.2.jar:/Users/rahuldutta/.m2/repository/joda-time/joda-time/2.12.5/joda-time-2.12.5.jar:/Users/rahuldutta/.m2/repository/org/apache/logging/log4j/log4j-1.2-api/2.20.0/log4j-1.2-api-2.20.0.jar:/Users/rahuldutta/.m2/repository/org/ccil/cowan/tagsoup/tagsoup/1.2.1/tagsoup-1.2.1.jar:/Users/rahuldutta/.m2/repository/org/openscience/cdk/cdk-smiles/2.9/cdk-smiles-2.9.jar:/Users/rahuldutta/.m2/repository/uk/ac/ebi/beam/beam-core/1.3.5/beam-core-1.3.5.jar:/Users/rahuldutta/.m2/repository/uk/ac/ebi/beam/beam-func/1.3.5/beam-func-1.3.5.jar:/Users/rahuldutta/.m2/repository/org/openscience/cdk/cdk-extra/2.9/cdk-extra-2.9.jar:/Users/rahuldutta/.m2/repository/gov/nist/math/jama/1.0.3/jama-1.0.3.jar:/Users/rahuldutta/.m2/repository/org/openscience/cdk/cdk-smarts/2.9/cdk-smarts-2.9.jar:/Users/rahuldutta/.m2/repository/org/openscience/cdk/cdk-reaction/2.9/cdk-reaction-2.9.jar:/Users/rahuldutta/.m2/repository/org/openscience/cdk/cdk-fingerprint/2.9/cdk-fingerprint-2.9.jar:/Users/rahuldutta/.m2/repository/org/openscience/cdk/cdk-cip/2.9/cdk-cip-2.9.jar:/Users/rahuldutta/.m2/repository/org/openscience/cdk/cdk-signature/2.9/cdk-signature-2.9.jar:/Users/rahuldutta/.m2/repository/com/github/gilleain/signatures/signatures/1.1/signatures-1.1.jar:/Users/rahuldutta/.m2/repository/org/openscience/cdk/cdk-charges/2.9/cdk-charges-2.9.jar:/Users/rahuldutta/.m2/repository/org/openscience/cdk/cdk-forcefield/2.9/cdk-forcefield-2.9.jar:/Users/rahuldutta/.m2/repository/org/openscience/cdk/cdk-sdg/2.9/cdk-sdg-2.9.jar:/Users/rahuldutta/.m2/repository/org/openscience/cdk/cdk-builder3dtools/2.9/cdk-builder3dtools-2.9.jar:/Users/rahuldutta/.m2/repository/org/openscience/cdk/cdk-builder3d/2.9/cdk-builder3d-2.9.jar:/Users/rahuldutta/.m2/repository/org/openscience/cdk/cdk-qsar/2.9/cdk-qsar-2.9.jar:/Users/rahuldutta/.m2/repository/org/openscience/cdk/cdk-ionpot/2.9/cdk-ionpot-2.9.jar:/Users/rahuldutta/.m2/repository/org/openscience/cdk/cdk-qsaratomic/2.9/cdk-qsaratomic-2.9.jar:/Users/rahuldutta/.m2/repository/org/openscience/cdk/cdk-qsarbond/2.9/cdk-qsarbond-2.9.jar:/Users/rahuldutta/.m2/repository/org/openscience/cdk/cdk-hash/2.9/cdk-hash-2.9.jar:/Users/rahuldutta/.m2/repository/org/openscience/cdk/cdk-fragment/2.9/cdk-fragment-2.9.jar:/Users/rahuldutta/.m2/repository/org/openscience/cdk/cdk-model/2.9/cdk-model-2.9.jar:/Users/rahuldutta/.m2/repository/org/openscience/cdk/cdk-qsarmolecular/2.9/cdk-qsarmolecular-2.9.jar:/Users/rahuldutta/.m2/repository/org/openscience/cdk/cdk-qsarcml/2.9/cdk-qsarcml-2.9.jar:/Users/rahuldutta/.m2/repository/org/openscience/cdk/cdk-qsarionpot/2.9/cdk-qsarionpot-2.9.jar:/Users/rahuldutta/.m2/repository/org/openscience/cdk/cdk-qsarprotein/2.9/cdk-qsarprotein-2.9.jar:/Users/rahuldutta/.m2/repository/org/openscience/cdk/cdk-render/2.9/cdk-render-2.9.jar:/Users/rahuldutta/.m2/repository/org/openscience/cdk/cdk-renderbasic/2.9/cdk-renderbasic-2.9.jar:/Users/rahuldutta/.m2/repository/org/openscience/cdk/cdk-renderawt/2.9/cdk-renderawt-2.9.jar:/Users/rahuldutta/.m2/repository/org/openscience/cdk/cdk-renderextra/2.9/cdk-renderextra-2.9.jar:/Users/rahuldutta/.m2/repository/org/openscience/cdk/cdk-control/2.9/cdk-control-2.9.jar:/Users/rahuldutta/.m2/repository/org/openscience/cdk/cdk-qm/2.9/cdk-qm-2.9.jar:/Users/rahuldutta/.m2/repository/org/openscience/cdk/cdk-libiomd/2.9/cdk-libiomd-2.9.jar:/Users/rahuldutta/.m2/repository/org/openscience/cdk/cdk-pdbcml/2.9/cdk-pdbcml-2.9.jar:/Users/rahuldutta/.m2/repository/org/openscience/cdk/cdk-inchi/2.9/cdk-inchi-2.9.jar:/Users/rahuldutta/.m2/repository/io/github/dan2097/jna-inchi-api/1.2/jna-inchi-api-1.2.jar:/Users/rahuldutta/.m2/repository/net/java/dev/jna/jna/5.10.0/jna-5.10.0.jar:/Users/rahuldutta/.m2/repository/io/github/dan2097/jna-inchi-core/1.2/jna-inchi-core-1.2.jar:/Users/rahuldutta/.m2/repository/io/github/dan2097/jna-inchi-darwin-aarch64/1.2/jna-inchi-darwin-aarch64-1.2.jar:/Users/rahuldutta/.m2/repository/io/github/dan2097/jna-inchi-darwin-x86-64/1.2/jna-inchi-darwin-x86-64-1.2.jar:/Users/rahuldutta/.m2/repository/io/github/dan2097/jna-inchi-linux-aarch64/1.2/jna-inchi-linux-aarch64-1.2.jar:/Users/rahuldutta/.m2/repository/io/github/dan2097/jna-inchi-linux-arm/1.2/jna-inchi-linux-arm-1.2.jar:/Users/rahuldutta/.m2/repository/io/github/dan2097/jna-inchi-linux-x86/1.2/jna-inchi-linux-x86-1.2.jar:/Users/rahuldutta/.m2/repository/io/github/dan2097/jna-inchi-linux-x86-64/1.2/jna-inchi-linux-x86-64-1.2.jar:/Users/rahuldutta/.m2/repository/io/github/dan2097/jna-inchi-win32-x86/1.2/jna-inchi-win32-x86-1.2.jar:/Users/rahuldutta/.m2/repository/io/github/dan2097/jna-inchi-win32-x86-64/1.2/jna-inchi-win32-x86-64-1.2.jar:/Users/rahuldutta/.m2/repository/org/openscience/cdk/cdk-jniinchi-support/2.9/cdk-jniinchi-support-2.9.jar:/Users/rahuldutta/.m2/repository/org/openscience/cdk/cdk-group/2.9/cdk-group-2.9.jar:/Users/rahuldutta/.m2/repository/org/openscience/cdk/cdk-pcore/2.9/cdk-pcore-2.9.jar:/Users/rahuldutta/.m2/repository/org/openscience/cdk/cdk-structgen/2.9/cdk-structgen-2.9.jar:/Users/rahuldutta/.m2/repository/org/openscience/cdk/cdk-tautomer/2.9/cdk-tautomer-2.9.jar:/Users/rahuldutta/.m2/repository/org/openscience/cdk/cdk-legacy/2.9/cdk-legacy-2.9.jar:/Users/rahuldutta/.m2/repository/jgrapht/jgrapht/0.6.0/jgrapht-0.6.0.jar:/Users/rahuldutta/.m2/repository/org/openscience/cdk/cdk-depict/2.9/cdk-depict-2.9.jar:/Users/rahuldutta/.m2/repository/org/freehep/freehep-graphicsio-pdf/2.4/freehep-graphicsio-pdf-2.4.jar:/Users/rahuldutta/.m2/repository/org/freehep/freehep-graphics2d/2.4/freehep-graphics2d-2.4.jar:/Users/rahuldutta/.m2/repository/org/freehep/freehep-graphicsio/2.4/freehep-graphicsio-2.4.jar:/Users/rahuldutta/.m2/repository/org/freehep/freehep-io/2.2.2/freehep-io-2.2.2.jar:/Users/rahuldutta/.m2/repository/org/freehep/freehep-graphicsio-tests/2.4/freehep-graphicsio-tests-2.4.jar:/Users/rahuldutta/.m2/repository/org/freehep/freehep-graphicsbase/2.4/freehep-graphicsbase-2.4.jar:/Users/rahuldutta/.m2/repository/org/freehep/freehep-graphicsio-ps/2.4/freehep-graphicsio-ps-2.4.jar:/Users/rahuldutta/.m2/repository/org/openscience/cdk/cdk-iordf/2.9/cdk-iordf-2.9.jar:/Users/rahuldutta/.m2/repository/org/apache/jena/jena-core/4.5.0/jena-core-4.5.0.jar:/Users/rahuldutta/.m2/repository/org/apache/jena/jena-base/4.5.0/jena-base-4.5.0.jar:/Users/rahuldutta/.m2/repository/org/apache/jena/jena-shaded-guava/4.5.0/jena-shaded-guava-4.5.0.jar:/Users/rahuldutta/.m2/repository/org/apache/commons/commons-csv/1.9.0/commons-csv-1.9.0.jar:/Users/rahuldutta/.m2/repository/org/apache/commons/commons-compress/1.21/commons-compress-1.21.jar:/Users/rahuldutta/.m2/repository/com/github/andrewoma/dexx/collection/0.7/collection-0.7.jar:/Users/rahuldutta/.m2/repository/org/apache/jena/jena-iri/4.5.0/jena-iri-4.5.0.jar:/Users/rahuldutta/.m2/repository/org/apache/jena/jena-arq/4.5.0/jena-arq-4.5.0.jar:/Users/rahuldutta/.m2/repository/com/google/code/gson/gson/2.9.0/gson-2.9.0.jar:/Users/rahuldutta/.m2/repository/com/apicatalog/titanium-json-ld/1.2.0/titanium-json-ld-1.2.0.jar:/Users/rahuldutta/.m2/repository/org/glassfish/jakarta.json/2.0.1/jakarta.json-2.0.1.jar:/Users/rahuldutta/.m2/repository/com/google/protobuf/protobuf-java/3.19.3/protobuf-java-3.19.3.jar:/Users/rahuldutta/.m2/repository/org/apache/thrift/libthrift/0.16.0/libthrift-0.16.0.jar:/Users/rahuldutta/.m2/repository/javax/annotation/javax.annotation-api/1.3.2/javax.annotation-api-1.3.2.jar:/Users/rahuldutta/.m2/repository/org/apache/logging/log4j/log4j-api/2.7/log4j-api-2.7.jar:/Users/rahuldutta/.m2/repository/org/apache/logging/log4j/log4j-core/2.7/log4j-core-2.7.jar:/Users/rahuldutta/.m2/repository/org/apache/logging/log4j/log4j-slf4j-impl/2.7/log4j-slf4j-impl-2.7.jar:/Users/rahuldutta/.m2/repository/org/slf4j/slf4j-api/1.7.21/slf4j-api-1.7.21.jar:/Users/rahuldutta/.m2/repository/commons-io/commons-io/2.15.1/commons-io-2.15.1.jar:/Users/rahuldutta/.m2/repository/commons-net/commons-net/3.10.0/commons-net-3.10.0.jar:/Users/rahuldutta/.m2/repository/commons-cli/commons-cli/1.6.0/commons-cli-1.6.0.jar:/Users/rahuldutta/.m2/repository/org/apache/commons/commons-text/1.11.0/commons-text-1.11.0.jar:/Users/rahuldutta/.m2/repository/com/github/jsonld-java/jsonld-java/0.13.5/jsonld-java-0.13.5.jar:/Users/rahuldutta/.m2/repository/org/apache/httpcomponents/httpclient-osgi/4.5.13/httpclient-osgi-4.5.13.jar:/Users/rahuldutta/.m2/repository/org/apache/httpcomponents/httpclient/4.5.13/httpclient-4.5.13.jar:/Users/rahuldutta/.m2/repository/commons-codec/commons-codec/1.11/commons-codec-1.11.jar:/Users/rahuldutta/.m2/repository/org/apache/httpcomponents/httpmime/4.5.13/httpmime-4.5.13.jar:/Users/rahuldutta/.m2/repository/org/apache/httpcomponents/httpclient-cache/4.5.13/httpclient-cache-4.5.13.jar:/Users/rahuldutta/.m2/repository/org/apache/httpcomponents/fluent-hc/4.5.13/fluent-hc-4.5.13.jar:/Users/rahuldutta/.m2/repository/org/apache/httpcomponents/httpcore-osgi/4.4.14/httpcore-osgi-4.4.14.jar:/Users/rahuldutta/.m2/repository/org/apache/httpcomponents/httpcore/4.4.14/httpcore-4.4.14.jar:/Users/rahuldutta/.m2/repository/org/apache/httpcomponents/httpcore-nio/4.4.14/httpcore-nio-4.4.14.jar:/Users/rahuldutta/.m2/repository/org/slf4j/jcl-over-slf4j/1.7.32/jcl-over-slf4j-1.7.32.jar:/Users/rahuldutta/.m2/repository/org/junit/jupiter/junit-jupiter-api/5.4.0/junit-jupiter-api-5.4.0.jar:/Users/rahuldutta/.m2/repository/org/apiguardian/apiguardian-api/1.0.0/apiguardian-api-1.0.0.jar:/Users/rahuldutta/.m2/repository/org/opentest4j/opentest4j/1.1.1/opentest4j-1.1.1.jar:/Users/rahuldutta/.m2/repository/org/junit/platform/junit-platform-commons/1.4.0/junit-platform-commons-1.4.0.jar:/Users/rahuldutta/.m2/repository/com/fasterxml/jackson/core/jackson-databind/2.12.3/jackson-databind-2.12.3.jar:/Users/rahuldutta/.m2/repository/com/fasterxml/jackson/core/jackson-core/2.12.3/jackson-core-2.12.3.jar:/Users/rahuldutta/.m2/repository/com/fasterxml/jackson/core/jackson-annotations/2.12.3/jackson-annotations-2.12.3.jar:/Users/rahuldutta/.m2/repository/org/apache/commons/commons-lang3/3.14.0/commons-lang3-3.14.0.jar:/Users/rahuldutta/.m2/repository/org/apache/commons/commons-collections4/4.4/commons-collections4-4.4.jar:/Users/rahuldutta/.m2/repository/co/elastic/clients/elasticsearch-java/8.11.4/elasticsearch-java-8.11.4.jar:/Users/rahuldutta/.m2/repository/org/elasticsearch/client/elasticsearch-rest-client/8.11.4/elasticsearch-rest-client-8.11.4.jar:/Users/rahuldutta/.m2/repository/org/apache/httpcomponents/httpasyncclient/4.1.5/httpasyncclient-4.1.5.jar:/Users/rahuldutta/.m2/repository/commons-logging/commons-logging/1.2/commons-logging-1.2.jar:/Users/rahuldutta/.m2/repository/com/google/code/findbugs/jsr305/3.0.2/jsr305-3.0.2.jar:/Users/rahuldutta/.m2/repository/jakarta/json/jakarta.json-api/2.0.1/jakarta.json-api-2.0.1.jar:/Users/rahuldutta/.m2/repository/org/eclipse/parsson/parsson/1.0.0/parsson-1.0.0.jar:/Users/rahuldutta/.m2/repository/io/opentelemetry/opentelemetry-api/1.29.0/opentelemetry-api-1.29.0.jar:/Users/rahuldutta/.m2/repository/io/opentelemetry/opentelemetry-context/1.29.0/opentelemetry-context-1.29.0.jar:/Users/rahuldutta/.m2/repository/org/projectlombok/lombok/1.18.10/lombok-1.18.10.jar:/Users/rahuldutta/.m2/repository/com/fasterxml/aalto-xml/1.3.1/aalto-xml-1.3.1.jar:/Users/rahuldutta/.m2/repository/org/codehaus/woodstox/stax2-api/4.2/stax2-api-4.2.jar:/Users/rahuldutta/.m2/repository/org/postgresql/postgresql/42.7.2/postgresql-42.7.2.jar:/Users/rahuldutta/.m2/repository/org/checkerframework/checker-qual/3.42.0/checker-qual-3.42.0.jar:/Users/rahuldutta/.m2/repository/org/junit/jupiter/junit-jupiter-engine/5.4.0/junit-jupiter-engine-5.4.0.jar:/Users/rahuldutta/.m2/repository/org/junit/platform/junit-platform-engine/1.4.0/junit-platform-engine-1.4.0.jar:/Users/rahuldutta/.m2/repository/org/junit/jupiter/junit-jupiter-params/5.4.0/junit-jupiter-params-5.4.0.jar:/Users/rahuldutta/.m2/repository/org/assertj/assertj-core/3.4.1/assertj-core-3.4.1.jar:/Users/rahuldutta/.m2/repository/org/apache/opennlp/opennlp-tools/2.3.2/opennlp-tools-2.3.2.jar:"/>
    <property name="sun.cpu.endian" value="little"/>
    <property name="user.home" value="/Users/rahuldutta"/>
    <property name="user.language" value="en"/>
    <property name="java.specification.vendor" value="Oracle Corporation"/>
    <property name="java.version.date" value="2024-01-16"/>
    <property name="java.home" value="/opt/homebrew/Cellar/openjdk/21.0.2/libexec/openjdk.jdk/Contents/Home"/>
    <property name="file.separator" value="/"/>
    <property name="basedir" value="/Users/rahuldutta/Documents/Code/data-digger/pubmed/data-digger-etl"/>
    <property name="java.vm.compressedOopsMode" value="Zero based"/>
    <property name="line.separator" value="&#10;"/>
    <property name="java.vm.specification.vendor" value="Oracle Corporation"/>
    <property name="java.specification.name" value="Java Platform API Specification"/>
    <property name="apple.awt.application.name" value="ForkedBooter"/>
    <property name="surefire.real.class.path" value="/Users/rahuldutta/Documents/Code/data-digger/pubmed/data-digger-etl/target/surefire/surefirebooter18440500899546418182.jar"/>
    <property name="sun.management.compiler" value="HotSpot 64-Bit Tiered Compilers"/>
    <property name="ftp.nonProxyHosts" value="local|*.local|169.254/16|*.169.254/16"/>
    <property name="java.runtime.version" value="21.0.2"/>
    <property name="user.name" value="rahuldutta"/>
    <property name="stdout.encoding" value="UTF-8"/>
    <property name="path.separator" value=":"/>
    <property name="os.version" value="14.4"/>
    <property name="java.runtime.name" value="OpenJDK Runtime Environment"/>
    <property name="file.encoding" value="UTF-8"/>
    <property name="java.vm.name" value="OpenJDK 64-Bit Server VM"/>
    <property name="java.vendor.version" value="Homebrew"/>
    <property name="localRepository" value="/Users/rahuldutta/.m2/repository"/>
    <property name="java.vendor.url.bug" value="https://github.com/Homebrew/homebrew-core/issues"/>
    <property name="java.io.tmpdir" value="/var/folders/sf/h0rdfzhx3838cdhgdp7_8s440000gn/T/"/>
    <property name="java.version" value="21.0.2"/>
    <property name="user.dir" value="/Users/rahuldutta/Documents/Code/data-digger/pubmed/data-digger-etl"/>
    <property name="os.arch" value="aarch64"/>
    <property name="java.vm.specification.name" value="Java Virtual Machine Specification"/>
    <property name="native.encoding" value="UTF-8"/>
    <property name="java.library.path" value="/Users/rahuldutta/Library/Java/Extensions:/Library/Java/Extensions:/Network/Library/Java/Extensions:/System/Library/Java/Extensions:/usr/lib/java:."/>
    <property name="java.vm.info" value="mixed mode, sharing"/>
    <property name="stderr.encoding" value="UTF-8"/>
    <property name="java.vendor" value="Homebrew"/>
    <property name="java.vm.version" value="21.0.2"/>
    <property name="sun.io.unicode.encoding" value="UnicodeBig"/>
    <property name="socksNonProxyHosts" value="local|*.local|169.254/16|*.169.254/16"/>
    <property name="java.class.version" value="65.0"/>
  </properties>
  <testcase name="testOnce" classname="org.curieo.embed.SentenceEmbeddingServiceTests" time="0">
    <skipped message="void org.curieo.embed.SentenceEmbeddingServiceTests.testOnce() is @Disabled"/>
  </testcase>
</testsuite>